<?xml version="1.0" encoding="UTF-8"?>
<testsuite name="CompareNumberTest" tests="6" skipped="0" failures="0" errors="0" timestamp="2015-11-25T08:47:49" hostname="lgl" time="0.003">
  <properties/>
  <testcase name="should_get_2A0B_when_compare_1234_and_1256" classname="CompareNumberTest" time="0.002"/>
  <testcase name="should_get_0A2B_when_compare_1234_and_5612" classname="CompareNumberTest" time="0.001"/>
  <testcase name="should_get_4A0B_when_compare_1234_and_1234" classname="CompareNumberTest" time="0.0"/>
  <testcase name="should_get_2A2B_when_compare_1234_and_1243" classname="CompareNumberTest" time="0.0"/>
  <testcase name="should_get_0A4B_when_compare_1234_and_4321" classname="CompareNumberTest" time="0.0"/>
  <testcase name="should_get_0A0B_when_compare_1234_and_5678" classname="CompareNumberTest" time="0.0"/>
  <system-out><![CDATA[]]></system-out>
  <system-err><![CDATA[]]></system-err>
</testsuite>
